2020-01-06 19:14:48.156 [Thread-4] INFO  io.github.biezhi.wechat.api.WechatClient -
				[*] 正在获取 uuid ... 
2020-01-06 19:14:48.477 [Thread-4] INFO  io.github.biezhi.wechat.api.WechatClient -
				[*] 正在获取二维码 ... 成功

2020-01-06 19:14:49.640 [Thread-4] INFO  io.github.biezhi.wechat.api.WechatClient -
				[*] 请使用微信扫描二维码以登录 ... 

2020-01-06 19:14:53.518 [Thread-4] INFO  io.github.biezhi.wechat.api.WechatClient -
				[*] 请在手机上点击确认以登录 ... 

2020-01-06 19:14:59.120 [Thread-4] INFO  io.github.biezhi.wechat.api.WechatApi -
				[*] 设置cookie []
2020-01-06 19:17:32.407 [Thread-7] INFO  io.github.biezhi.wechat.api.WechatClient -
				[*] 正在获取 uuid ... 
2020-01-06 19:17:32.715 [Thread-7] INFO  io.github.biezhi.wechat.api.WechatClient -
				[*] 正在获取二维码 ... 成功

2020-01-06 19:17:33.895 [Thread-7] INFO  io.github.biezhi.wechat.api.WechatClient -
				[*] 请使用微信扫描二维码以登录 ... 

2020-01-06 19:17:42.253 [Thread-7] INFO  io.github.biezhi.wechat.api.WechatClient -
				[*] 请在手机上点击确认以登录 ... 

2020-01-06 19:17:46.155 [Thread-7] INFO  io.github.biezhi.wechat.api.WechatApi -
				[*] 设置cookie []
2020-01-06 19:20:58.193 [Thread-3] INFO  io.github.biezhi.wechat.api.WechatClient -
				[*] 正在获取 uuid ... 
2020-01-06 19:20:58.557 [Thread-3] INFO  io.github.biezhi.wechat.api.WechatClient -
				[*] 正在获取二维码 ... 成功

2020-01-06 19:20:59.731 [Thread-3] INFO  io.github.biezhi.wechat.api.WechatClient -
				[*] 请使用微信扫描二维码以登录 ... 

2020-01-06 19:21:01.321 [Thread-3] INFO  io.github.biezhi.wechat.api.WechatClient -
				[*] 请在手机上点击确认以登录 ... 

2020-01-06 19:21:03.553 [Thread-3] INFO  io.github.biezhi.wechat.api.WechatApi -
				[*] 设置cookie []
